<?xml version="1.0" encoding="utf-8"?><testsuites name="pytest tests"><testsuite name="pytest" errors="0" failures="0" skipped="0" tests="10" time="1.579" timestamp="2026-07-11T07:32:48.424415+00:00" hostname="agent-env-19c72cf8-e590-46e8-ae07-9cff708f6e71"><testcase classname="tests.backend_test.TestGetOrder" name="test_get_unknown_order_404" time="0.244" /><testcase classname="tests.backend_test.TestCreateOrder" name="test_create_order_valid_free_shipping" time="0.411" /><testcase classname="tests.backend_test.TestGetOrder" name="test_full_order_roundtrip" time="0.187" /><testcase classname="tests.backend_test.TestCreateOrder" name="test_create_order_shipping_below_threshold" time="0.096" /><testcase classname="tests.backend_test.TestProducts" name="test_list_products" time="0.097" /><testcase classname="tests.backend_test.TestCreateOrder" name="test_create_order_unknown_sku" time="0.098" /><testcase classname="tests.backend_test.TestCreateOrder" name="test_create_order_missing_name" time="0.094" /><testcase classname="tests.backend_test.TestCreateOrder" name="test_create_order_missing_phone" time="0.141" /><testcase classname="tests.backend_test.TestCreateOrder" name="test_create_order_pincode_too_short" time="0.102" /><testcase classname="tests.backend_test.TestCreateOrder" name="test_create_order_empty_items" time="0.098" /></testsuite></testsuites>